<?xml version="1.0" ?>
  <testsuites>
    <testsuite failures="2" name="All Tests" tests="20">
      <testcase classname="All Tests.CANWANTest" name="01_VerifyCANWANAppIgnoresCANMsgsWhenDBParamIsDisabled" time="1.0"/>
      <testcase classname="All Tests.CANWANTest" name="02_VerifyKeepCallOpenForValidDuration" time="126.0"/>
      <testcase classname="All Tests.G2630MCRChannelCANTest" name="01_SelectChannelANetworkAndVerifyTransmissionOverCAN" time="122.1">
        <error message="--&gt; 20:37:07: ERROR: A Display Connectivity message was not transmitted over CAN">
          
Running SubTest #1: Select Channel A Network And Verify Transmission Over CAN ...
--&gt; 20:35:05: Selecting the first network(channel A) and verifing the correct frequency transmission over CAN ...
--&gt; 20:37:07: ERROR: A Display Connectivity message was not transmitted over CAN
        </error>
      </testcase>
      <testcase classname="All Tests.G2630MCRChannelCANTest" name="02_SelectChannelBNetworkAndVerifyTransmissionOverCAN" time="122.0">
        <error message="--&gt; 20:39:09: ERROR: A Display Connectivity message was not transmitted over CAN">
          
Running SubTest #2: Select Channel B Network And Verify Transmission Over CAN ...
--&gt; 20:37:08: Selecting the second network(channel B) and verifing the correct frequency transmission over CAN ...
--&gt; 20:39:09: ERROR: A Display Connectivity message was not transmitted over CAN
        </error>
      </testcase>
      <testcase classname="All Tests.G2630MCRChannelCANTest" name="03_SelectChannelCNetworkAndVerifyTransmissionOverCAN" time="122.0">
        <error message="--&gt; 20:41:11: ERROR: A Display Connectivity message was not transmitted over CAN">
          
Running SubTest #3: Select Channel C Network And Verify Transmission Over CAN ...
--&gt; 20:39:10: Selecting the third network(channel C) and verifing the correct frequency transmission over CAN...
--&gt; 20:41:11: ERROR: A Display Connectivity message was not transmitted over CAN
        </error>
      </testcase>
      <testcase classname="All Tests.G2630MCRChannelCANTest" name="04_RequestDisplayConnectivityMessageAndVerifyTransmissionOverCAN" time="30.0">
        <error message="--&gt; 20:41:42: ERROR: A Display Connectivity message was not transmitted over CAN">
          
Running SubTest #4: Request Display Connectivity Message And Verify Transmission Over CAN ...
--&gt; 20:41:12: Sending a request for the Display Connectivity CAN Message and verifing its receipt with data matching channel C...
--&gt; 20:41:42: ERROR: A Display Connectivity message was not transmitted over CAN
        </error>
      </testcase>
      <testcase classname="All Tests.G2630MCRChannelCANTest" name="05_DisconnectChannelCAndVerifyTransmissionOverCAN" time="62.0">
        <error message="--&gt; 20:42:43: ERROR: A Display Connectivity message was not transmitted over CAN">
          
Running SubTest #5: Disconnect Channel C And Verify Transmission Over CAN ...
--&gt; 20:41:42: Disconnect the network connection and verify a 0 frequency center/width are transmitted over CAN...
--&gt; 20:42:43: ERROR: A Display Connectivity message was not transmitted over CAN
        </error>
      </testcase>
      <testcase classname="All Tests.G2630NetworkMTGDiagnosticTest" name="01_VerifyMTGDiagnosticsPageOnThe2630AfterASystemPowerCycle" time="213.0"/>
      <testcase classname="All Tests.G2630NetworkMTGDiagnosticTest" name="02_VerifyMTGDiagnosticsPageOnThe2630AfterA2630OnlyPowerCycle" time="101.0"/>
      <testcase classname="All Tests.G2630NetworkMTGDiagnosticTest" name="03_VerifyMTGDiagnosticsPageOnThe2630AfterSystemKeyOffForLessThanLoseHeartbeat" time="96.0"/>
      <testcase classname="All Tests.G2630NetworkMTGDiagnosticTest" name="04_VerifyMTGDiagnosticsPageOnThe2630AfterSystemKeyOffForGreaterThanLoseHeartbeat" time="165.0"/>
      <testcase classname="All Tests.GSMTest" name="01_VerifyThatTheMTGSuccessfullyMakesACallViaGSMAfterAFileTransferIsInitiated" time="32.0"/>
      <testcase classname="All Tests.GSMTest" name="02_VerifyThatMTGCommunicationToAndFromTheHostIsOccurring" time="10.0"/>
      <testcase classname="All Tests.GSMTest" name="03_VerifyThatTheMTGClosesTheGSMCall" time="80.0"/>
      <testcase classname="All Tests.Ag_Tractor_8R_FT4_IVT_Wheel_ACS_QuickTest" name="01_DataloggerTestForModel8RFT4IVTWheelACSShortenedVersion" time="624.1">
        <error message="--&gt; 21:09:14:    ERROR: Max.Air.Filter.Pressure[field #1] ExpectAlmostEqual in Tests.BaseClasses.DataloggerTestBase, line 173 failed; Expected: 0.55, Actual: 0.5, Tolerance: 0.0.
--&gt; 21:09:14:    ERROR: Verification failed for 1 of 208 checked data fields">
          
Running SubTest #1: Datalogger Test For Model 8 RFT 4 IVT Wheel ACS Shortened Version ...
--&gt; 20:58:50: Downloading LastLoadedSettings.xml for inspection ...
--&gt; 20:58:53:    Current  config GUID:  00000000-0000-0000-0000-000000000000  [Default]
--&gt; 20:58:53:    Required config GUID:  D00C89D6-2649-3547-FB69-2E4B1C3D4910  [8R_FT4_IVT_Wheel_ACS_ShortGranules]
--&gt; 20:58:53: &gt;&gt;&gt; Need to load a new config file for this test
--&gt; --------
--&gt; 20:58:53: Sending DataloggerConfigurationSetup TM for settings-D00C89D6-2649-3547-FB69-2E4B1C3D4910-5MinuteGranules.xml ...
--&gt; 20:59:06: &gt;&gt;&gt; The DataloggerConfigurationSetup TM file transfer was successful!
--&gt; --------
--&gt; 20:59:06: Waiting for Datalogger to detect and load the new config file ...
--&gt; 20:59:08:    Datalogger detected the new settings file to load
--&gt; 20:59:13:    Datalogger successfully loaded the new settings file
--&gt; 20:59:27:    Datalogger starting logging granules
--&gt; 20:59:27: &gt;&gt;&gt; Datalogger is successfully using the new settings file
--&gt; --------
--&gt; 20:59:28: Waiting until [21:03:00] to perform the following: IGNITION OFF
--&gt; 21:03:00:    Turning Ignition OFF
--&gt; 21:03:31:    Debounced Key State is OFF
--&gt; --------
--&gt; 21:03:31: Waiting until [21:04:00] to perform the following: IGNITION ON + BEGIN CAN PLAYBACK
--&gt; 21:04:00: CAN Playback [Start]
--&gt; 21:04:00:    Turning Ignition ON
--&gt; 21:04:00:    Waiting 4.95 minutes for the desired Granule Advance ...
--&gt; --------
--&gt; 21:08:57: Waiting for 1 granule advance(s)
--&gt; 21:09:03:    SE_MSG_GRANULE_ADVANCE detected
--&gt; 21:09:03: CAN Playback [ End ]
--&gt; --------
--&gt; 21:09:03: Waiting 10 seconds
--&gt; --------
--&gt; 21:09:13: Downloading Granule
--&gt; 21:09:14: Granule successfully downloaded to: C:\Jenkins\workspace\DISDATT 3G\Tests\DISDATT\BaseTestClass\..\SupportFiles\DataloggerTestSupportFiles\DownloadedGranules/20160524_205850_8R_FT4_IVT_Wheel_ACS_ShortGranules
--&gt; --------
--&gt; 21:09:14: Inspecting granule contents for accuracy
--&gt; --------
--&gt; 21:09:14:    Granule span (seconds) is within range [230,250] (Actual: 241.0 seconds)
--&gt; --------
--&gt; 21:09:14:    AC.Comp.Switch.On.Off.Time
--&gt; 21:09:14:    Raw Data: 238:0
--&gt; 21:09:14:    Data field #1 (238.0) is within tolerance of expected value (237.75 +/- 9.49736805647)
--&gt; 21:09:14:    Data field #2 (0.0) is within tolerance of expected value (0.0 +/- 0.0)
--&gt; --------
--&gt; 21:09:14:    ATC.Auto.Mode.On.Off.Time
--&gt; 21:09:14:    Raw Data: 0:238
--&gt; 21:09:14:    Data field #1 (0.0) is within tolerance of expected value (0.0 +/- 0.0)
--&gt; 21:09:14:    Data field #2 (238.0) is within tolerance of expected value (237.75 +/- 9.49736805647)
--&gt; --------
--&gt; 21:09:14:    AutoTrac.On.Off.Time
--&gt; 21:09:14:    Raw Data: 0:238
--&gt; 21:09:14:    Data field #1 (0.0) is within tolerance of expected value (0.0 +/- 0.0)
--&gt; 21:09:14:    Data field #2 (238.0) is within tolerance of expected value (238.125 +/- 8.35164654425)
--&gt; --------
--&gt; 21:09:14:    Average.Coolant.Temp
--&gt; 21:09:14:    Raw Data: 83.442
--&gt; 21:09:14:    Data field #1 (83.442) is within tolerance of expected value (83.4605 +/- 0.834605)
--&gt; --------
--&gt; 21:09:14:    Average.Engine.Cooling.Fan.Speed.by.State
--&gt; 21:09:14:    Raw Data: 676.436:0:0
--&gt; 21:09:14:    Data field #1 (676.436) is within tolerance of expected value (676.3806 +/- 6.763806)
--&gt; 21:09:14:    Data field #2 (0.0) is within tolerance of expected value (0.0 +/- 0.0)
--&gt; 21:09:14:    Data field #3 (0.0) is within tolerance of expected value (0.0 +/- 0.0)
--&gt; --------
--&gt; 21:09:14:    Average.Engine.Load.Factor.by.State
--&gt; 21:09:14:    Raw Data: 14.177:0:0
--&gt; 21:09:14:    Data field #1 (14.177) is within tolerance of expected value (14.28395 +/- 0.205624803951)
--&gt; 21:09:14:    Data field #2 (0.0) is within tolerance of expected value (0.0 +/- 0.0)
--&gt; 21:09:14:    Data field #3 (0.0) is within tolerance of expected value (0.0 +/- 0.0)
--&gt; --------
--&gt; 21:09:14:    Average.Engine.Speed.by.State
--&gt; 21:09:14:    Raw Data: 1199.868:0:0
--&gt; 21:09:14:    Data field #1 (1199.868) is within tolerance of expected value (1199.99755 +/- 11.9999755)
--&gt; 21:09:14:    Data field #2 (0.0) is within tolerance of expected value (0.0 +/- 0.0)
--&gt; 21:09:14:    Data field #3 (0.0) is within tolerance of expected value (0.0 +/- 0.0)
--&gt; --------
--&gt; 21:09:14:    Average.Fuel.Rate
--&gt; 21:09:14:    Raw Data: 6.246
--&gt; 21:09:14:    Data field #1 (6.246) is within tolerance of expected value (6.25285 +/- 0.0625285)
--&gt; --------
--&gt; 21:09:14:    Average.Fuel.Rate.by.State
--&gt; 21:09:14:    Raw Data: 6.246:0:0
--&gt; 21:09:14:    Data field #1 (6.246) is within tolerance of expected value (6.25285 +/- 0.0625285)
--&gt; 21:09:14:    Data field #2 (0.0) is within tolerance of expected value (0.0 +/- 0.0)
--&gt; 21:09:14:    Data field #3 (0.0) is within tolerance of expected value (0.0 +/- 0.0)
--&gt; --------
--&gt; 21:09:14:    Average.System.Voltage
--&gt; 21:09:14:    Raw Data: 14.089
--&gt; 21:09:14:    Data field #1 (14.089) is within tolerance of expected value (14.0892 +/- 0.140892)
--&gt; --------
--&gt; 21:09:14:    Average.Trans.Oil.Temp
--&gt; 21:09:14:    Raw Data: 34.000
--&gt; 21:09:14:    Data field #1 (34.0) is within tolerance of expected value (34.0 +/- 0.0)
--&gt; --------
--&gt; 21:09:14:    Avg.Eng.Inlet.Air.Temp
--&gt; 21:09:14:    Raw Data: 20.606
--&gt; 21:09:14:    Data field #1 (20.606) is within tolerance of expected value (20.59315 +/- 0.2059315)
--&gt; --------
--&gt; 21:09:14:    Avg.Inlet.Fuel.Pressure
--&gt; 21:09:14:    Raw Data: 18.317
--&gt; 21:09:14:    Data field #1 (18.317) is within tolerance of expected value (18.19795 +/- 0.309890238633)
--&gt; --------
--&gt; 21:09:14:    Barometric.Press.Avg
--&gt; 21:09:14:    Raw Data: 98.000
--&gt; 21:09:14:    Data field #1 (98.0) is within tolerance of expected value (98.0 +/- 0.0)
--&gt; --------
--&gt; 21:09:14:    Coolant.Temp.Histogram
--&gt; 21:09:14:    Raw Data: 0:0:0:0:0:0:0:0:0:0:0:0:240:0:0:0:0:0:0:0
--&gt; 21:09:14:    Data field #1 (0.0) is within tolerance of expected value (0.0 +/- 0.0)
--&gt; 21:09:14:    Data field #2 (0.0) is within tolerance of expected value (0.0 +/- 0.0)
--&gt; 21:09:14:    Data field #3 (0.0) is within tolerance of expected value (0.0 +/- 0.0)
--&gt; 21:09:14:    Data field #4 (0.0) is within tolerance of expected value (0.0 +/- 0.0)
--&gt; 21:09:14:    Data field #5 (0.0) is within tolerance of expected value (0.0 +/- 0.0)
--&gt; 21:09:14:    Data field #6 (0.0) is within tolerance of expected value (0.0 +/- 0.0)
--&gt; 21:09:14:    Data field #7 (0.0) is within tolerance of expected value (0.0 +/- 0.0)
--&gt; 21:09:14:    Data field #8 (0.0) is within tolerance of expected value (0.0 +/- 0.0)
--&gt; 21:09:14:    Data field #9 (0.0) is within tolerance of expected value (0.0 +/- 0.0)
--&gt; 21:09:14:    Data field #10 (0.0) is within tolerance of expected value (0.0 +/- 0.0)
--&gt; 21:09:14:    Data field #11 (0.0) is within tolerance of expected value (0.0 +/- 0.0)
--&gt; 21:09:14:    Data field #12 (0.0) is within tolerance of expected value (0.0 +/- 0.0)
--&gt; 21:09:14:    Data field #13 (240.0) is within tolerance of expected value (236.7 +/- 7.6)
--&gt; 21:09:14:    Data field #14 (0.0) is within tolerance of expected value (0.0 +/- 0.0)
--&gt; 21:09:14:    Data field #15 (0.0) is within tolerance of expected value (0.0 +/- 0.0)
--&gt; 21:09:14:    Data field #16 (0.0) is within tolerance of expected value (0.0 +/- 0.0)
--&gt; 21:09:14:    Data field #17 (0.0) is within tolerance of expected value (0.0 +/- 0.0)
--&gt; 21:09:14:    Data field #18 (0.0) is within tolerance of expected value (0.0 +/- 0.0)
--&gt; 21:09:14:    Data field #19 (0.0) is within tolerance of expected value (0.0 +/- 0.0)
--&gt; 21:09:14:    Data field #20 (0.0) is within tolerance of expected value (0.0 +/- 0.0)
--&gt; --------
--&gt; 21:09:14:    Cumulative.ETM.Time
--&gt; 21:09:14:    Raw Data: 35017.0000000
--&gt; 21:09:14:    Data field #1 (35017.0) is within tolerance of expected value (35017.0 +/- 0.0)
--&gt; --------
--&gt; 21:09:14:    DEF.Tank.Percentage.Level
--&gt; 21:09:14:    Raw Data: 35.6000000
--&gt; 21:09:14:    Data field #1 (35.6) is within tolerance of expected value (35.6 +/- 0.0)
--&gt; --------
--&gt; 21:09:14:    DEF.Tank.Temperature.Max
--&gt; 21:09:14:    Raw Data: 19.000
--&gt; 21:09:14:    Data field #1 (19.0) is within tolerance of expected value (19.0 +/- 0.0)
--&gt; --------
--&gt; 21:09:14:    DEF.Tank.Temperature.Min
--&gt; 21:09:14:    Raw Data: 18.000
--&gt; 21:09:14:    Data field #1 (18.0) is within tolerance of expected value (18.0 +/- 0.0)
--&gt; --------
--&gt; 21:09:14:    Diff.Lock.On.Off.Time
--&gt; 21:09:14:    Raw Data: 0:238
--&gt; 21:09:14:    Data field #1 (0.0) is within tolerance of expected value (0.0 +/- 0.0)
--&gt; 21:09:14:    Data field #2 (238.0) is within tolerance of expected value (237.5 +/- 9.25202680498)
--&gt; --------
--&gt; 21:09:14:    DPF.Active.Soot.Loading.Model
--&gt; 21:09:14:    Raw Data: 1.0000000
--&gt; 21:09:14:    Data field #1 (1.0) is within tolerance of expected value (1.0 +/- 0.0)
--&gt; --------
--&gt; 21:09:14:    DPF.Forced.Regen.State.On.Time
--&gt; 21:09:14:    Raw Data: 237:0:0:0:0:0:0:0
--&gt; 21:09:14:    Data field #1 (237.0) is within tolerance of expected value (237.975 +/- 8.60174400921)
--&gt; 21:09:14:    Data field #2 (0.0) is within tolerance of expected value (0.0 +/- 0.0)
--&gt; 21:09:14:    Data field #3 (0.0) is within tolerance of expected value (0.0 +/- 0.0)
--&gt; 21:09:14:    Data field #4 (0.0) is within tolerance of expected value (0.0 +/- 0.0)
--&gt; 21:09:14:    Data field #5 (0.0) is within tolerance of expected value (0.0 +/- 0.0)
--&gt; 21:09:14:    Data field #6 (0.0) is within tolerance of expected value (0.0 +/- 0.0)
--&gt; 21:09:14:    Data field #7 (0.0) is within tolerance of expected value (0.0 +/- 0.0)
--&gt; 21:09:14:    Data field #8 (0.0) is within tolerance of expected value (0.0 +/- 0.0)
--&gt; --------
--&gt; 21:09:14:    DPF.Time.Since.Last.Active.Regen
--&gt; 21:09:14:    Raw Data: 23045.000
--&gt; 21:09:14:    Data field #1 (23045.0) is within tolerance of expected value (23045.0 +/- 0.0)
--&gt; --------
--&gt; 21:09:14:    Eng.Air.Filter.Diff.Press.Avg
--&gt; 21:09:14:    Raw Data: 0.388
--&gt; 21:09:14:    Data field #1 (0.388) is within tolerance of expected value (0.387875 +/- 0.00659910707167)
--&gt; --------
--&gt; 21:09:14:    Eng.Charge.Air.Press.Avg
--&gt; 21:09:14:    Raw Data: 25.202
--&gt; 21:09:14:    Data field #1 (25.202) is within tolerance of expected value (25.245625 +/- 0.25245625)
--&gt; --------
--&gt; 21:09:14:    Eng.Intercooler.Out.Temp.Avg
--&gt; 21:09:14:    Raw Data: 27.011
--&gt; 21:09:14:    Data field #1 (27.011) is within tolerance of expected value (27.02095 +/- 0.2702095)
--&gt; --------
--&gt; 21:09:14:    Eng.Intercooler.Out.Temp.Max
--&gt; 21:09:14:    Raw Data: 28.250
--&gt; 21:09:14:    Data field #1 (28.25) is within tolerance of expected value (28.25 +/- 0.0)
--&gt; --------
--&gt; 21:09:14:    Eng.Turbo.Inlet.Air.Temp.Avg
--&gt; 21:09:14:    Raw Data: 29.073
--&gt; 21:09:14:    Data field #1 (29.073) is within tolerance of expected value (29.06305 +/- 0.2906305)
--&gt; --------
--&gt; 21:09:14:    Engine.RPM.at.Power.0.10
--&gt; 21:09:14:    Raw Data: 0:0:0:148:87:0:0:0:0:0:0:0:0:0:0
--&gt; 21:09:14:    Data field #1 (0.0) is within tolerance of expected value (0.0 +/- 0.0)
--&gt; 21:09:14:    Data field #2 (0.0) is within tolerance of expected value (0.0 +/- 0.0)
--&gt; 21:09:14:    Data field #3 (0.0) is within tolerance of expected value (0.0 +/- 0.0)
--&gt; 21:09:14:    Data field #4 (148.0) is within tolerance of expected value (134.025 +/- 21.752930837)
--&gt; 21:09:14:    Data field #5 (87.0) is within tolerance of expected value (95.95 +/- 23.0121706929)
--&gt; 21:09:14:    Data field #6 (0.0) is within tolerance of expected value (0.0 +/- 0.0)
--&gt; 21:09:14:    Data field #7 (0.0) is within tolerance of expected value (0.0 +/- 0.0)
--&gt; 21:09:14:    Data field #8 (0.0) is within tolerance of expected value (0.0 +/- 0.0)
--&gt; 21:09:14:    Data field #9 (0.0) is within tolerance of expected value (0.0 +/- 0.0)
--&gt; 21:09:14:    Data field #10 (0.0) is within tolerance of expected value (0.0 +/- 0.0)
--&gt; 21:09:14:    Data field #11 (0.0) is within tolerance of expected value (0.0 +/- 0.0)
--&gt; 21:09:14:    Data field #12 (0.0) is within tolerance of expected value (0.0 +/- 0.0)
--&gt; 21:09:14:    Data field #13 (0.0) is within tolerance of expected value (0.0 +/- 0.0)
--&gt; 21:09:14:    Data field #14 (0.0) is within tolerance of expected value (0.0 +/- 0.0)
--&gt; 21:09:14:    Data field #15 (0.0) is within tolerance of expected value (0.0 +/- 0.0)
--&gt; --------
--&gt; 21:09:14:    Engine.RPM.at.Power.10.20
--&gt; 21:09:14:    Raw Data: 0:0:0:0:4:0:0:0:0:0:0:0:0:0:0
--&gt; 21:09:14:    Data field #1 (0.0) is within tolerance of expected value (0.0 +/- 0.0)
--&gt; 21:09:14:    Data field #2 (0.0) is within tolerance of expected value (0.0 +/- 0.0)
--&gt; 21:09:14:    Data field #3 (0.0) is within tolerance of expected value (0.0 +/- 0.0)
--&gt; 21:09:14:    Data field #4 (0.0) is within tolerance of expected value (4.0 +/- 4.0)
--&gt; 21:09:14:    Data field #5 (4.0) is within tolerance of expected value (3.0 +/- 3.0)
--&gt; 21:09:14:    Data field #6 (0.0) is within tolerance of expected value (0.0 +/- 0.0)
--&gt; 21:09:14:    Data field #7 (0.0) is within tolerance of expected value (0.0 +/- 0.0)
--&gt; 21:09:14:    Data field #8 (0.0) is within tolerance of expected value (0.0 +/- 0.0)
--&gt; 21:09:14:    Data field #9 (0.0) is within tolerance of expected value (0.0 +/- 0.0)
--&gt; 21:09:14:    Data field #10 (0.0) is within tolerance of expected value (0.0 +/- 0.0)
--&gt; 21:09:14:    Data field #11 (0.0) is within tolerance of expected value (0.0 +/- 0.0)
--&gt; 21:09:14:    Data field #12 (0.0) is within tolerance of expected value (0.0 +/- 0.0)
--&gt; 21:09:14:    Data field #13 (0.0) is within tolerance of expected value (0.0 +/- 0.0)
--&gt; 21:09:14:    Data field #14 (0.0) is within tolerance of expected value (0.0 +/- 0.0)
--&gt; 21:09:14:    Data field #15 (0.0) is within tolerance of expected value (0.0 +/- 0.0)
--&gt; --------
--&gt; 21:09:14:    Exhaust.Temp.Max
--&gt; 21:09:14:    Raw Data: 190.750
--&gt; 21:09:14:    Data field #1 (190.75) is within tolerance of expected value (190.75 +/- 0.0)
--&gt; --------
--&gt; 21:09:14:    Field.Cruise.On.Time
--&gt; 21:09:14:    Raw Data: 0:239
--&gt; 21:09:14:    Data field #1 (0.0) is within tolerance of expected value (0.0 +/- 0.0)
--&gt; 21:09:14:    Data field #2 (239.0) is within tolerance of expected value (237.725 +/- 8.48469209813)
--&gt; --------
--&gt; 21:09:14:    Field.Cruise.Selected.Engine.Speed
--&gt; 21:09:14:    Raw Data: 2100.000
--&gt; 21:09:14:    Data field #1 (2100.0) is within tolerance of expected value (2100.0 +/- 0.0)
--&gt; --------
--&gt; 21:09:14:    Front.Hitch.Drop.Rate
--&gt; 21:09:14:    Raw Data: 3.5000000
--&gt; 21:09:14:    Data field #1 (3.5) is within tolerance of expected value (3.5 +/- 0.0)
--&gt; --------
--&gt; 21:09:14:    Front.Hitch.Raise.Rate
--&gt; 21:09:14:    Raw Data: 3.1000000
--&gt; 21:09:14:    Data field #1 (3.1) is within tolerance of expected value (3.1 +/- 0.0)
--&gt; --------
--&gt; 21:09:14:    Fuel.Tank.Level
--&gt; 21:09:14:    Raw Data: 44.8000000
--&gt; 21:09:14:    Data field #1 (44.8) is within tolerance of expected value (44.8 +/- 0.0)
--&gt; --------
--&gt; 21:09:14:    Fuel.Temp.Avg
--&gt; 21:09:14:    Raw Data: 32.058
--&gt; 21:09:14:    Data field #1 (32.058) is within tolerance of expected value (32.04045 +/- 0.3204045)
--&gt; --------
--&gt; 21:09:14:    Fuel.Temp.Max
--&gt; 21:09:14:    Raw Data: 34.000
--&gt; 21:09:14:    Data field #1 (34.0) is within tolerance of expected value (34.0 +/- 0.0)
--&gt; --------
--&gt; 21:09:14:    IPM.Power.Mode.On.Off.Time
--&gt; 21:09:14:    Raw Data: 0:238
--&gt; 21:09:14:    Data field #1 (0.0) is within tolerance of expected value (0.0 +/- 0.0)
--&gt; 21:09:14:    Data field #2 (238.0) is within tolerance of expected value (238.375 +/- 7.72981241687)
--&gt; --------
--&gt; 21:09:14:    IVT.Auto.Mode.On.Time
--&gt; 21:09:14:    Raw Data: 0:240
--&gt; 21:09:14:    Data field #1 (0.0) is within tolerance of expected value (0.0 +/- 0.0)
--&gt; 21:09:14:    Data field #2 (240.0) is within tolerance of expected value (238.625 +/- 7.35866835779)
--&gt; --------
--&gt; 21:09:14:    Key.Switch.State.Time
--&gt; 21:09:14:    Raw Data: 0:236:0:0
--&gt; 21:09:14:    Data field #1 (0.0) is within tolerance of expected value (0.0 +/- 0.0)
--&gt; 21:09:14:    Data field #2 (236.0) is within tolerance of expected value (237.275 +/- 7.69350375317)
--&gt; 21:09:14:    Data field #3 (0.0) is within tolerance of expected value (0.0 +/- 0.0)
--&gt; 21:09:14:    Data field #4 (0.0) is within tolerance of expected value (0.0 +/- 0.0)
--&gt; --------
--&gt; 21:09:14:    Last.Engine.Hourmeter
--&gt; 21:09:14:    Raw Data: 151.3000000
--&gt; 21:09:14:    Data field #1 (151.3) is within tolerance of expected value (151.3 +/- 0.5)
--&gt; --------
--&gt; 21:09:14:    Last.NOX.CONVERSION.EFFICIENCY
--&gt; 21:09:14:    Raw Data: 11938.0000000
--&gt; 21:09:14:    Data field #1 (11938.0) is within tolerance of expected value (11938.0 +/- 0.0)
--&gt; --------
--&gt; 21:09:14:    Last.Soot.Level
--&gt; 21:09:14:    Raw Data: 12.0000000
--&gt; 21:09:14:    Data field #1 (12.0) is within tolerance of expected value (12.0 +/- 0.0)
--&gt; --------
--&gt; 21:09:14:    Last.TAILPIPE.NOX
--&gt; 21:09:14:    Raw Data: 59155.0000000
--&gt; 21:09:14:    Data field #1 (59155.0) is within tolerance of expected value (59155.0 +/- 0.0)
--&gt; --------
--&gt; 21:09:14:    Machine.State.Utilization
--&gt; 21:09:14:    Raw Data: 240:0:0
--&gt; 21:09:14:    Data field #1 (240.0) is within tolerance of expected value (238.625 +/- 7.72981241687)
--&gt; 21:09:14:    Data field #2 (0.0) is within tolerance of expected value (0.0 +/- 0.0)
--&gt; 21:09:14:    Data field #3 (0.0) is within tolerance of expected value (0.0 +/- 0.0)
--&gt; --------
--&gt; 21:09:14:    Max.Air.Filter.Pressure
--&gt; 21:09:14:    Raw Data: 0.500
--&gt; 21:09:14:    ERROR: Max.Air.Filter.Pressure[field #1] ExpectAlmostEqual in Tests.BaseClasses.DataloggerTestBase, line 173 failed; Expected: 0.55, Actual: 0.5, Tolerance: 0.0.
--&gt; --------
--&gt; 21:09:14:    Max.Coolant.Temp
--&gt; 21:09:14:    Raw Data: 85.000
--&gt; 21:09:14:    Data field #1 (85.0) is within tolerance of expected value (85.0 +/- 0.0)
--&gt; --------
--&gt; 21:09:14:    Max.Trans.Oil.Temp
--&gt; 21:09:14:    Raw Data: 34.000
--&gt; 21:09:14:    Data field #1 (34.0) is within tolerance of expected value (34.0 +/- 0.0)
--&gt; --------
--&gt; 21:09:14:    MFWD.On.Off.Time
--&gt; 21:09:14:    Raw Data: 0:237
--&gt; 21:09:14:    Data field #1 (0.0) is within tolerance of expected value (0.0 +/- 0.0)
--&gt; 21:09:14:    Data field #2 (237.0) is within tolerance of expected value (237.35 +/- 8.74299719776)
--&gt; --------
--&gt; 21:09:14:    Min.Coolant.Temp
--&gt; 21:09:14:    Raw Data: 82.000
--&gt; 21:09:14:    Data field #1 (82.0) is within tolerance of expected value (82.0 +/- 0.0)
--&gt; --------
--&gt; 21:09:14:    Min.Time.Remaining.Before.Inducement
--&gt; 21:09:14:    Raw Data: 64000.000
--&gt; 21:09:14:    Data field #1 (64000.0) is within tolerance of expected value (64000.0 +/- 0.0)
--&gt; --------
--&gt; 21:09:14:    Min.Transmission.Oil.Temperature
--&gt; 21:09:14:    Raw Data: 34.000
--&gt; 21:09:14:    Data field #1 (34.0) is within tolerance of expected value (34.0 +/- 0.0)
--&gt; --------
--&gt; 21:09:14:    Number.Aborted.Regen
--&gt; 21:09:14:    Raw Data: 5.0000000
--&gt; 21:09:14:    Data field #1 (5.0) is within tolerance of expected value (5.0 +/- 0.0)
--&gt; --------
--&gt; 21:09:14:    Number.Complete.Regen
--&gt; 21:09:14:    Raw Data: 13.0000000
--&gt; 21:09:14:    Data field #1 (13.0) is within tolerance of expected value (13.0 +/- 0.0)
--&gt; --------
--&gt; 21:09:14:    NUMBER.OF.NOX.CE.REGENS
--&gt; 21:09:14:    Raw Data: 2.000
--&gt; 21:09:14:    Data field #1 (2.0) is within tolerance of expected value (2.0 +/- 0.0)
--&gt; --------
--&gt; 21:09:14:    Period.Fuel.Consumed
--&gt; 21:09:14:    Raw Data: 1496.7
--&gt; 21:09:14:    Data field #1 (1496.7) is within tolerance of expected value (1498.055 +/- 46.7286914005)
--&gt; --------
--&gt; 21:09:14:    Rear.Hitch.Drop.Rate
--&gt; 21:09:14:    Raw Data: 5.0000000
--&gt; 21:09:14:    Data field #1 (5.0) is within tolerance of expected value (5.0 +/- 0.0)
--&gt; --------
--&gt; 21:09:14:    Rear.Hitch.Operating.Depth
--&gt; 21:09:14:    Raw Data: 38.0019000
--&gt; 21:09:14:    Data field #1 (38.0019) is within tolerance of expected value (38.0019 +/- 0.0)
--&gt; --------
--&gt; 21:09:14:    Rear.Hitch.Raise.Rate
--&gt; 21:09:14:    Raw Data: 5.0000000
--&gt; 21:09:14:    Data field #1 (5.0) is within tolerance of expected value (5.0 +/- 0.0)
--&gt; --------
--&gt; 21:09:14:    Rear.Hitch.Upper.Set.Limit
--&gt; 21:09:14:    Raw Data: 100.0000000
--&gt; 21:09:14:    Data field #1 (100.0) is within tolerance of expected value (100.0 +/- 0.0)
--&gt; --------
--&gt; 21:09:14:    Rear.PTO.On.Off.Time
--&gt; 21:09:14:    Raw Data: 0:238
--&gt; 21:09:14:    Data field #1 (0.0) is within tolerance of expected value (0.0 +/- 0.0)
--&gt; 21:09:14:    Data field #2 (238.0) is within tolerance of expected value (237.925 +/- 7.5039989339)
--&gt; --------
--&gt; 21:09:14:    Regen.Inhibit.Switch.On.Time
--&gt; 21:09:14:    Raw Data: 236:0:0
--&gt; 21:09:14:    Data field #1 (236.0) is within tolerance of expected value (237.0 +/- 10.1587400794)
--&gt; 21:09:14:    Data field #2 (0.0) is within tolerance of expected value (0.0 +/- 0.0)
--&gt; 21:09:14:    Data field #3 (0.0) is within tolerance of expected value (0.0 +/- 0.0)
--&gt; --------
--&gt; 21:09:14:    SCR.Inducement.Monitor
--&gt; 21:09:14:    Raw Data: 238:0:0:0:0:0:0
--&gt; 21:09:14:    Data field #1 (238.0) is within tolerance of expected value (237.6 +/- 9.78979060042)
--&gt; 21:09:14:    Data field #2 (0.0) is within tolerance of expected value (0.0 +/- 0.0)
--&gt; 21:09:14:    Data field #3 (0.0) is within tolerance of expected value (0.0 +/- 0.0)
--&gt; 21:09:14:    Data field #4 (0.0) is within tolerance of expected value (0.0 +/- 0.0)
--&gt; 21:09:14:    Data field #5 (0.0) is within tolerance of expected value (0.0 +/- 0.0)
--&gt; 21:09:14:    Data field #6 (0.0) is within tolerance of expected value (0.0 +/- 0.0)
--&gt; 21:09:14:    Data field #7 (0.0) is within tolerance of expected value (0.0 +/- 0.0)
--&gt; --------
--&gt; 21:09:14:    SCV1.Detent.Time.C
--&gt; 21:09:14:    Raw Data: 3.0000000
--&gt; 21:09:14:    Data field #1 (3.0) is within tolerance of expected value (3.0 +/- 0.0)
--&gt; --------
--&gt; 21:09:14:    SCV1.Flow.Rate.C
--&gt; 21:09:14:    Raw Data: 9.4000000
--&gt; 21:09:14:    Data field #1 (9.4) is within tolerance of expected value (9.4 +/- 0.0)
--&gt; --------
--&gt; 21:09:14:    SCV1.Retract.Flow
--&gt; 21:09:14:    Raw Data: 9.4000000
--&gt; 21:09:14:    Data field #1 (9.4) is within tolerance of expected value (9.4 +/- 0.0)
--&gt; --------
--&gt; 21:09:14:    SCV14.Detent.Time
--&gt; 21:09:14:    Raw Data: 4.0000000
--&gt; 21:09:14:    Data field #1 (4.0) is within tolerance of expected value (4.0 +/- 0.0)
--&gt; --------
--&gt; 21:09:14:    SCV14.Extend.Flow
--&gt; 21:09:14:    Raw Data: 2.4000000
--&gt; 21:09:14:    Data field #1 (2.4) is within tolerance of expected value (2.4 +/- 0.0)
--&gt; --------
--&gt; 21:09:14:    SCV14.Retract.Flow
--&gt; 21:09:14:    Raw Data: 2.4000000
--&gt; 21:09:14:    Data field #1 (2.4) is within tolerance of expected value (2.4 +/- 0.0)
--&gt; --------
--&gt; 21:09:14:    SCV15.Detent.Time
--&gt; 21:09:14:    Raw Data: 5.0000000
--&gt; 21:09:14:    Data field #1 (5.0) is within tolerance of expected value (5.0 +/- 0.0)
--&gt; --------
--&gt; 21:09:14:    SCV15.Extend.Flow
--&gt; 21:09:14:    Raw Data: 0.8000000
--&gt; 21:09:14:    Data field #1 (0.8) is within tolerance of expected value (0.8 +/- 0.0)
--&gt; --------
--&gt; 21:09:14:    SCV15.Retract.Flow
--&gt; 21:09:14:    Raw Data: 0.8000000
--&gt; 21:09:14:    Data field #1 (0.8) is within tolerance of expected value (0.8 +/- 0.0)
--&gt; --------
--&gt; 21:09:14:    SCV2.Detent.Time.C
--&gt; 21:09:14:    Raw Data: 251.0000000
--&gt; 21:09:14:    Data field #1 (251.0) is within tolerance of expected value (251.0 +/- 0.0)
--&gt; --------
--&gt; 21:09:14:    SCV2.Flow.Rate.C
--&gt; 21:09:14:    Raw Data: 10.0000000
--&gt; 21:09:14:    Data field #1 (10.0) is within tolerance of expected value (10.0 +/- 0.0)
--&gt; --------
--&gt; 21:09:14:    SCV2.Retract.Flow
--&gt; 21:09:14:    Raw Data: 10.0000000
--&gt; 21:09:14:    Data field #1 (10.0) is within tolerance of expected value (10.0 +/- 0.0)
--&gt; --------
--&gt; 21:09:14:    SCV3.Detent.Time.C
--&gt; 21:09:14:    Raw Data: 5.0000000
--&gt; 21:09:14:    Data field #1 (5.0) is within tolerance of expected value (5.0 +/- 0.0)
--&gt; --------
--&gt; 21:09:14:    SCV3.Flow.Rate.C
--&gt; 21:09:14:    Raw Data: 7.8000000
--&gt; 21:09:14:    Data field #1 (7.8) is within tolerance of expected value (7.8 +/- 0.0)
--&gt; --------
--&gt; 21:09:14:    SCV3.Retract.Flow
--&gt; 21:09:14:    Raw Data: 7.8000000
--&gt; 21:09:14:    Data field #1 (7.8) is within tolerance of expected value (7.8 +/- 0.0)
--&gt; --------
--&gt; 21:09:14:    SCV4.Detent.Time.C
--&gt; 21:09:14:    Raw Data: 6.0000000
--&gt; 21:09:14:    Data field #1 (6.0) is within tolerance of expected value (6.0 +/- 0.0)
--&gt; --------
--&gt; 21:09:14:    SCV4.Flow.Rate.C
--&gt; 21:09:14:    Raw Data: 3.6000000
--&gt; 21:09:14:    Data field #1 (3.6) is within tolerance of expected value (3.6 +/- 0.0)
--&gt; --------
--&gt; 21:09:14:    SCV4.Retract.Flow
--&gt; 21:09:14:    Raw Data: 3.6000000
--&gt; 21:09:14:    Data field #1 (3.6) is within tolerance of expected value (3.6 +/- 0.0)
--&gt; --------
--&gt; 21:09:14:    SCV5.Detent.Time.C
--&gt; 21:09:14:    Raw Data: 2.0000000
--&gt; 21:09:14:    Data field #1 (2.0) is within tolerance of expected value (2.0 +/- 0.0)
--&gt; --------
--&gt; 21:09:14:    SCV5.Flow.Rate.C
--&gt; 21:09:14:    Raw Data: 5.0000000
--&gt; 21:09:14:    Data field #1 (5.0) is within tolerance of expected value (5.0 +/- 0.0)
--&gt; --------
--&gt; 21:09:14:    SCV5.Retract.Flow
--&gt; 21:09:14:    Raw Data: 5.0000000
--&gt; 21:09:14:    Data field #1 (5.0) is within tolerance of expected value (5.0 +/- 0.0)
--&gt; --------
--&gt; 21:09:14:    SF.Pitch
--&gt; 21:09:14:    Raw Data: 0:0:0:0:0:0:0:0:0:0:0:240:0:0:0:0:0:0:0:0:0:0
--&gt; 21:09:14:    Data field #1 (0.0) is within tolerance of expected value (0.0 +/- 0.0)
--&gt; 21:09:14:    Data field #2 (0.0) is within tolerance of expected value (0.0 +/- 0.0)
--&gt; 21:09:14:    Data field #3 (0.0) is within tolerance of expected value (0.0 +/- 0.0)
--&gt; 21:09:14:    Data field #4 (0.0) is within tolerance of expected value (0.0 +/- 0.0)
--&gt; 21:09:14:    Data field #5 (0.0) is within tolerance of expected value (0.0 +/- 0.0)
--&gt; 21:09:14:    Data field #6 (0.0) is within tolerance of expected value (0.0 +/- 0.0)
--&gt; 21:09:14:    Data field #7 (0.0) is within tolerance of expected value (0.0 +/- 0.0)
--&gt; 21:09:14:    Data field #8 (0.0) is within tolerance of expected value (0.0 +/- 0.0)
--&gt; 21:09:14:    Data field #9 (0.0) is within tolerance of expected value (0.0 +/- 0.0)
--&gt; 21:09:14:    Data field #10 (0.0) is within tolerance of expected value (0.0 +/- 0.0)
--&gt; 21:09:14:    Data field #11 (0.0) is within tolerance of expected value (0.0 +/- 0.0)
--&gt; 21:09:14:    Data field #12 (240.0) is within tolerance of expected value (237.45 +/- 7.42697785105)
--&gt; 21:09:14:    Data field #13 (0.0) is within tolerance of expected value (0.0 +/- 0.0)
--&gt; 21:09:14:    Data field #14 (0.0) is within tolerance of expected value (0.0 +/- 0.0)
--&gt; 21:09:14:    Data field #15 (0.0) is within tolerance of expected value (0.0 +/- 0.0)
--&gt; 21:09:14:    Data field #16 (0.0) is within tolerance of expected value (0.0 +/- 0.0)
--&gt; 21:09:14:    Data field #17 (0.0) is within tolerance of expected value (0.0 +/- 0.0)
--&gt; 21:09:14:    Data field #18 (0.0) is within tolerance of expected value (0.0 +/- 0.0)
--&gt; 21:09:14:    Data field #19 (0.0) is within tolerance of expected value (0.0 +/- 0.0)
--&gt; 21:09:14:    Data field #20 (0.0) is within tolerance of expected value (0.0 +/- 0.0)
--&gt; 21:09:14:    Data field #21 (0.0) is within tolerance of expected value (0.0 +/- 0.0)
--&gt; 21:09:14:    Data field #22 (0.0) is within tolerance of expected value (0.0 +/- 0.0)
--&gt; --------
--&gt; 21:09:14:    SF.Pitch.Max
--&gt; 21:09:14:    Raw Data: 0.641
--&gt; 21:09:14:    Data field #1 (0.641) is within tolerance of expected value (0.641 +/- 0.01)
--&gt; --------
--&gt; 21:09:14:    SF.Pitch.Min
--&gt; 21:09:14:    Raw Data: 0.500
--&gt; 21:09:14:    Data field #1 (0.5) is within tolerance of expected value (0.501 +/- 0.0105830052443)
--&gt; --------
--&gt; 21:09:14:    Time.in.DPF.State
--&gt; 21:09:14:    Raw Data: 237:0:0:0:0:0:0:0
--&gt; 21:09:14:    Data field #1 (237.0) is within tolerance of expected value (237.975 +/- 8.60174400921)
--&gt; 21:09:14:    Data field #2 (0.0) is within tolerance of expected value (0.0 +/- 0.0)
--&gt; 21:09:14:    Data field #3 (0.0) is within tolerance of expected value (0.0 +/- 0.0)
--&gt; 21:09:14:    Data field #4 (0.0) is within tolerance of expected value (0.0 +/- 0.0)
--&gt; 21:09:14:    Data field #5 (0.0) is within tolerance of expected value (0.0 +/- 0.0)
--&gt; 21:09:14:    Data field #6 (0.0) is within tolerance of expected value (0.0 +/- 0.0)
--&gt; 21:09:14:    Data field #7 (0.0) is within tolerance of expected value (0.0 +/- 0.0)
--&gt; 21:09:14:    Data field #8 (0.0) is within tolerance of expected value (0.0 +/- 0.0)
--&gt; --------
--&gt; 21:09:14:    Total.DEF.Used
--&gt; 21:09:14:    Raw Data: 39.0000000
--&gt; 21:09:14:    Data field #1 (39.0) is within tolerance of expected value (39.0 +/- 0.0)
--&gt; --------
--&gt; 21:09:14:    Total.Fuel.by.Machine.State
--&gt; 21:09:14:    Raw Data: 1496.7:0:0
--&gt; 21:09:14:    Data field #1 (1496.7) is within tolerance of expected value (1498.055 +/- 46.7286914005)
--&gt; 21:09:14:    Data field #2 (0.0) is within tolerance of expected value (0.0 +/- 0.0)
--&gt; 21:09:14:    Data field #3 (0.0) is within tolerance of expected value (0.0 +/- 0.0)
--&gt; --------
--&gt; 21:09:14:    Total.Fuel.Used
--&gt; 21:09:14:    Raw Data: 2337.5000000
--&gt; 21:09:14:    Data field #1 (2337.5) is within tolerance of expected value (2337.5 +/- 0.0)
--&gt; --------
--&gt; 21:09:14:    Trans.ECO.PWR.On.Off.Time.Stationary
--&gt; 21:09:14:    Raw Data: 0:240
--&gt; 21:09:14:    Data field #1 (0.0) is within tolerance of expected value (0.0 +/- 0.0)
--&gt; 21:09:14:    Data field #2 (240.0) is within tolerance of expected value (237.85 +/- 8.78862901709)
--&gt; --------
--&gt; 21:09:14:    ERROR: Verification failed for 1 of 208 checked data fields
--&gt; --------
        </error>
      </testcase>
      <testcase classname="All Tests.COSTest" name="01_VerifyCOSRegistrationChangesToUnsuccessfulInARestrictedCountryWithNoExternalSimSetUp" time="15.0"/>
      <testcase classname="All Tests.COSTest" name="02_VerifyNonEssentialTmsAreNotTransmittedViaGSM" time="31.0"/>
      <testcase classname="All Tests.COSTest" name="03_VerifyCOSRegistrationChangesToPendingAfterExternalSimIsSetUp" time="45.0"/>
      <testcase classname="All Tests.COSTest" name="04_VerifyCOSRegistrationChangesToSuccessfulAfterTheNextGSMCall" time="105.1"/>
      <testcase classname="All Tests.COSTest" name="05_VerifyNonEssentialTmsAreTransmittedViaGSM" time="1.0"/>
      <testcase classname="All Tests.COSTest" name="06_VerifyInternalSIMIsUsedAfterChangingToANonRestrictedCountry" time="13.0"/>
      <testcase classname="All Tests.DataloggerAlertTest" name="01_IgnoreDTCIfIgnitionIsOff" time="71.0"/>
      <testcase classname="All Tests.DataloggerAlertTest" name="02_VerifyNonBlockedNonIgnoredAlert" time="14.0"/>
      <testcase classname="All Tests.DataloggerAlertTest" name="03_VerifyAdditionalOccurrencesDoNotTriggerBinaryAlertTM" time="46.0"/>
      <testcase classname="All Tests.DataloggerAlertTest" name="04_VerifyIgnoredAlertDoesNotGenerateBinaryAlertTM" time="29.0"/>
      <testcase classname="All Tests.DataloggerAlertTest" name="05_VerifyBlockedAlertDoesNotGenerateBinaryAlertTM" time="29.0"/>
      <testcase classname="All Tests.DataloggerAlertTest" name="06_VerifyBinaryAlertReportTMContents" time="116.0"/>
      <testcase classname="All Tests.DataloggerAlertTest" name="07_VerifyBinaryAlertReportTMIsNotResent" time="88.0"/>
      <testcase classname="All Tests.DataloggerAlertTest" name="08_VerifyYellowEventTriggersBinaryEventTMButNotACall" time="99.0"/>
      <testcase classname="All Tests.DataloggerAlertTest" name="09_VerifyRedEventTriggersBinaryEventTMWithACall" time="86.0"/>
      <testcase classname="All Tests.DataloggerAlertTest" name="10_VerifyAdditionalOccurrencesDoNotTriggerBinaryEventTM" time="48.0"/>
      <testcase classname="All Tests.DataloggerAlertTest" name="11_VerifyActivationAndDeactivationTimesAreUsed" time="44.0"/>
      <testcase classname="All Tests.DataloggerAlertTest" name="12_VerifyEventOnlyTriggersWhenAllConditionsAreMet" time="47.0"/>
      <testcase classname="All Tests.DataloggerAlertTest" name="13_VerifyBinaryEventReportTMContents" time="128.0"/>
      <testcase classname="All Tests.DataloggerAlertTest" name="14_VerifyBinaryEventReportTMIsNotResent" time="93.1"/>
      <testcase classname="All Tests.DataloggerMonitorTest" name="01_VerifyRollbackAndRebootWhenConfigCannotBeLoaded" time="412.1"/>
      <testcase classname="All Tests.DataloggerMonitorTest" name="02_VerifyDataloggerIsRestartedAfterANewConfigIsReceived" time="47.0"/>
      <testcase classname="All Tests.DataloggerMonitorTest" name="03_VerifyRebootAndRollbackBehaviorWhenTheCPULimitIsReached" time="301.0"/>
      <testcase classname="All Tests.GCLBoundaryAlertTest" name="01_SetupBoundaryAlert1AndVerifyAnOnEntryBoundaryAlertIsSent" time="15.0"/>
      <testcase classname="All Tests.GCLBoundaryAlertTest" name="02_SetupBoundaryAlert2AndVerifyAnOnEntryBoundaryAlertIsNotSent" time="62.0"/>
      <testcase classname="All Tests.GCLBoundaryAlertTest" name="03_SetupBoundaryAlert3AndVerifyAnOnEntryBoundaryAlertIsSent" time="12.0"/>
      <testcase classname="All Tests.GCLBoundaryAlertTest" name="04_VerifyABoundaryAlertIsSentWhenEnteringTheFirstBoundaryButNotWhenExiting" time="75.0"/>
      <testcase classname="All Tests.GCLBoundaryAlertTest" name="05_VerifyABoundaryAlertIsSentWhenExitingTheSecondBoundaryButNotWhenEntering" time="75.0"/>
      <testcase classname="All Tests.GCLBoundaryAlertTest" name="06_VerifyABoundaryAlertIsSentBothWhenExitingAndEnteringTheThirdBoundary" time="27.0"/>
      <testcase classname="All Tests.GCLEngineStartAlertTest" name="01_SetupAnEngineStartAlertAndVerifyAnEngineStartCurfenceAlertIsSent" time="44.0"/>
      <testcase classname="All Tests.GCLEngineStartAlertTest" name="02_VerifyAnEngineStartAlertIsSentOnAKeyCycleWhenTheFirstTimePeriodIsActive" time="40.0"/>
      <testcase classname="All Tests.GCLEngineStartAlertTest" name="03_VerifyAnEngineStartAlertIsNotSentOnAKeyCycleWhenNoTimePeriodsAreActive" time="207.1"/>
      <testcase classname="All Tests.GCLEngineStartAlertTest" name="04_VerifyAnEngineStartAlertIsSentWhenTheSecondTimePeriodFirstBecomesActive" time="56.0"/>
      <testcase classname="All Tests.GCLEngineStartAlertTest" name="05_VerifyAnEngineStartAlertIsSentOnAKeyCycleWhenTheSecondTimePeriodIsActive" time="40.0"/>
      <testcase classname="All Tests.GCLMovementAlertTest" name="01_SetupAMovementAlertWithActiveTimePeriodsDuringIgnitionOn" time="62.0"/>
      <testcase classname="All Tests.GCLMovementAlertTest" name="02_VerifyAMovementAlertIsSentOnAPositionChangeWhenTheFirstTimePeriodIsActive" time="74.0"/>
      <testcase classname="All Tests.GCLMovementAlertTest" name="03_VerifyAMovementAlertIsNotSentOnAPositionChangeInTheMiddleOfTwoActivePeriods" time="193.0"/>
      <testcase classname="All Tests.GCLMovementAlertTest" name="04_VerifyAMovementAlertIsSentWhenTheSecondTimePeriodBecomesActive" time="99.0"/>
      <testcase classname="All Tests.GCLMovementAlertTest" name="05_VerifyAMovementAlertIsNotSentAfterAllActivePeriodsAreComplete" time="151.0"/>
      <testcase classname="All Tests.GCLMovementAlertTest" name="06_SetupAMovementAlertWithAnActiveTimePeriodDuringIgnitionOff" time="149.0"/>
      <testcase classname="All Tests.GCLMovementAlertTest" name="07_VerifyAMovementAlertIsNotSentASecondTimeDuringTheSameTimePeriodUntilIgnitionIsCycled" time="84.0"/>
      <testcase classname="All Tests.GSMSimTypeTest" name="01_VerifyThatTheMTGSetsTheCorrectAPNForAnATTSimCard" time="101.0"/>
      <testcase classname="All Tests.GSMSimTypeTest" name="02_VerifyThatTheMTGSetsTheCorrectAPNForAJasperSimCard" time="98.0"/>
      <testcase classname="All Tests.MTGConnectedDevicesTest" name="01_VerifyTheDisplaysAreAssociatedOnInitialSystemPowerOn" time="0.0">
        <skipped message="Test Skipped">
          This test was skipped due to the failure of a previous critical step.
        </skipped>
      </testcase>
      <testcase classname="All Tests.MTGConnectedDevicesTest" name="02_VerifyTheDisplaysAreForgottenAndThenRerecognizedOnALongConnectionCycle" time="0.0">
        <skipped message="Test Skipped">
          This test was skipped due to the failure of a previous critical step.
        </skipped>
      </testcase>
      <testcase classname="All Tests.MTGConnectedDevicesTest" name="03_VerifyTheDisplaysAreNotForgottenOnAQuickConnectionCycle" time="0.0">
        <skipped message="Test Skipped">
          This test was skipped due to the failure of a previous critical step.
        </skipped>
      </testcase>
      <testcase classname="All Tests.MTGConnectedDevicesTest" name="04_VerifyThe2630IsForgottenAndThenRerecognizedOnA2630ConnectionCycle" time="0.0">
        <skipped message="Test Skipped">
          This test was skipped due to the failure of a previous critical step.
        </skipped>
      </testcase>
      <testcase classname="All Tests.MTGConnectedDevicesTest" name="05_VerifyTheGSixIsForgottenAndThenRerecognizedOnAGSixConnectionCycle" time="0.0">
        <skipped message="Test Skipped">
          This test was skipped due to the failure of a previous critical step.
        </skipped>
      </testcase>
      <testcase classname="All Tests.MTGIgnitionOffSequenceTest" name="01_ConfigureForGCLWake" time="0.0">
        <skipped message="Test Skipped">
          This test was skipped due to the failure of a previous critical step.
        </skipped>
      </testcase>
      <testcase classname="All Tests.MTGIgnitionOffSequenceTest" name="02_VerifyThatTheMTGRecoginizesKeyOff30SecondsAfterActualKeyOff" time="0.0">
        <skipped message="Test Skipped">
          This test was skipped due to the failure of a previous critical step.
        </skipped>
      </testcase>
      <testcase classname="All Tests.MTGIgnitionOffSequenceTest" name="03_VerifyThatTheMTGStartsSleepProcessingTheCorrectNumberOfMinutesAfterKeyOff" time="0.0">
        <skipped message="Test Skipped">
          This test was skipped due to the failure of a previous critical step.
        </skipped>
      </testcase>
      <testcase classname="All Tests.MTGIgnitionOffSequenceTest" name="04_VerifyThatTheMTGEntersSleepModeWithNextWakeUpTimeForGCL" time="0.0">
        <skipped message="Test Skipped">
          This test was skipped due to the failure of a previous critical step.
        </skipped>
      </testcase>
      <testcase classname="All Tests.MTGIgnitionOffSequenceTest" name="05_VerifyThatTheMTGWakesFromSleepForGCL" time="0.0">
        <skipped message="Test Skipped">
          This test was skipped due to the failure of a previous critical step.
        </skipped>
      </testcase>
      <testcase classname="All Tests.MTGIgnitionOffSequenceTest" name="06_VerifyThatTheMTGEntersSleepModeWithNextWakeUpTimeForGCL" time="0.0">
        <skipped message="Test Skipped">
          This test was skipped due to the failure of a previous critical step.
        </skipped>
      </testcase>
      <testcase classname="All Tests.MTGIgnitionOffSequenceTest" name="07_VerifyThatTheMTGWakesFromSleepForGCL" time="0.0">
        <skipped message="Test Skipped">
          This test was skipped due to the failure of a previous critical step.
        </skipped>
      </testcase>
      <testcase classname="All Tests.MTGIgnitionOffSequenceTest" name="08_VerifyThatTheMTGEntersSleepModeWithNextWakeUpTimeForGCL" time="0.0">
        <skipped message="Test Skipped">
          This test was skipped due to the failure of a previous critical step.
        </skipped>
      </testcase>
      <testcase classname="All Tests.MTGIgnitionOffSequenceTest" name="09_VerifyThatTheMTGExitsSleepAfterKeyOn" time="0.0">
        <skipped message="Test Skipped">
          This test was skipped due to the failure of a previous critical step.
        </skipped>
      </testcase>
      <testcase classname="All Tests.MTGIgnitionOffSequenceTest" name="10_ConfigureForGSMWake" time="0.0">
        <skipped message="Test Skipped">
          This test was skipped due to the failure of a previous critical step.
        </skipped>
      </testcase>
      <testcase classname="All Tests.MTGIgnitionOffSequenceTest" name="11_VerifyThatTheMTGRecoginizesKeyOff30SecondsAfterActualKeyOff" time="0.0">
        <skipped message="Test Skipped">
          This test was skipped due to the failure of a previous critical step.
        </skipped>
      </testcase>
      <testcase classname="All Tests.MTGIgnitionOffSequenceTest" name="12_VerifyThatTheMTGStartsSleepProcessingTheCorrectNumberOfMinutesAfterKeyOff" time="0.0">
        <skipped message="Test Skipped">
          This test was skipped due to the failure of a previous critical step.
        </skipped>
      </testcase>
      <testcase classname="All Tests.MTGIgnitionOffSequenceTest" name="13_VerifyThatTheMTGEntersSleepModeWithNextWakeUpTimeForCellCallIn" time="0.0">
        <skipped message="Test Skipped">
          This test was skipped due to the failure of a previous critical step.
        </skipped>
      </testcase>
      <testcase classname="All Tests.MTGIgnitionOffSequenceTest" name="14_VerifyStandardOnCallMessagesForSleep" time="0.0">
        <skipped message="Test Skipped">
          This test was skipped due to the failure of a previous critical step.
        </skipped>
      </testcase>
      <testcase classname="All Tests.MTGIgnitionOffSequenceTest" name="15_VerifyThatTheMTGWakesFromSleepForCellCallIn" time="0.0">
        <skipped message="Test Skipped">
          This test was skipped due to the failure of a previous critical step.
        </skipped>
      </testcase>
      <testcase classname="All Tests.MTGIgnitionOffSequenceTest" name="16_VerifyThatTheMTGEntersSleepModeWithNextWakeUpTimeForCellCallIn" time="0.0">
        <skipped message="Test Skipped">
          This test was skipped due to the failure of a previous critical step.
        </skipped>
      </testcase>
      <testcase classname="All Tests.MTGIgnitionOffSequenceTest" name="17_VerifyStandardOnCallMessagesForSleep" time="0.0">
        <skipped message="Test Skipped">
          This test was skipped due to the failure of a previous critical step.
        </skipped>
      </testcase>
      <testcase classname="All Tests.MTGIgnitionOffSequenceTest" name="18_VerifyThatTheMTGWakesFromSleepForCellCallIn" time="0.0">
        <skipped message="Test Skipped">
          This test was skipped due to the failure of a previous critical step.
        </skipped>
      </testcase>
      <testcase classname="All Tests.MTGIgnitionOffSequenceTest" name="19_VerifyThatTheMTGEntersSleepModeWithNextWakeUpTimeForCellCallIn" time="0.0">
        <skipped message="Test Skipped">
          This test was skipped due to the failure of a previous critical step.
        </skipped>
      </testcase>
      <testcase classname="All Tests.MTGIgnitionOffSequenceTest" name="20_VerifyStandardOnCallMessagesForSleep" time="0.0">
        <skipped message="Test Skipped">
          This test was skipped due to the failure of a previous critical step.
        </skipped>
      </testcase>
      <testcase classname="All Tests.MTGIgnitionOffSequenceTest" name="21_VerifyThatTheMTGStartsHibernateProcessingTheCorrectNumberOfMinutesAfterKeyOff" time="0.0">
        <skipped message="Test Skipped">
          This test was skipped due to the failure of a previous critical step.
        </skipped>
      </testcase>
      <testcase classname="All Tests.MTGIgnitionOffSequenceTest" name="22_VerifyThatTheMTGEntersHibernateMode" time="0.0">
        <skipped message="Test Skipped">
          This test was skipped due to the failure of a previous critical step.
        </skipped>
      </testcase>
      <testcase classname="All Tests.MTGIgnitionOffSequenceTest" name="23_VerifyStandardOnCallMessagesForHibernate" time="0.0">
        <skipped message="Test Skipped">
          This test was skipped due to the failure of a previous critical step.
        </skipped>
      </testcase>
      <testcase classname="All Tests.MTGIgnitionOffSequenceTest" name="24_VerifyThatTheMTGExitsHibernateAfterKeyOn" time="0.0">
        <skipped message="Test Skipped">
          This test was skipped due to the failure of a previous critical step.
        </skipped>
      </testcase>
      <testcase classname="All Tests.MTGIgnitionOffSequenceTest" name="25_VerifyStandardOnCallMessagesForPowerOn" time="0.0">
        <skipped message="Test Skipped">
          This test was skipped due to the failure of a previous critical step.
        </skipped>
      </testcase>
      <testcase classname="All Tests.RDATest" name="01_CommandRDAToThe2630AndVerifyResponseAfterSubsequentTimeout" time="0.0">
        <skipped message="Test Skipped">
          This test was skipped due to the failure of a previous critical step.
        </skipped>
      </testcase>
      <testcase classname="All Tests.RDATest" name="02_CommandRDAToThe2630AndVerifyResponseAfterSubsequentCancel" time="0.0">
        <skipped message="Test Skipped">
          This test was skipped due to the failure of a previous critical step.
        </skipped>
      </testcase>
      <testcase classname="All Tests.RDATest" name="03_CommandRDAToThe2630AndVerifyResponseAfterSubsequentAccept" time="0.0">
        <skipped message="Test Skipped">
          This test was skipped due to the failure of a previous critical step.
        </skipped>
      </testcase>
      <testcase classname="All Tests.RDATest" name="04_CommandRDAToTheGSixAndVerifyResponseAfterSubsequentTimeout" time="0.0">
        <skipped message="Test Skipped">
          This test was skipped due to the failure of a previous critical step.
        </skipped>
      </testcase>
      <testcase classname="All Tests.RDATest" name="05_CommandRDAToAnUnknownSerialNumberAndVerifyResponse" time="0.0">
        <skipped message="Test Skipped">
          This test was skipped due to the failure of a previous critical step.
        </skipped>
      </testcase>
      <testcase classname="All Tests.RegistrationTest" name="01_VerifyManualHostDeregistration" time="0.0">
        <skipped message="Test Skipped">
          This test was skipped due to the failure of a previous critical step.
        </skipped>
      </testcase>
      <testcase classname="All Tests.RegistrationTest" name="02_VerifyManualHostRegistration" time="0.0">
        <skipped message="Test Skipped">
          This test was skipped due to the failure of a previous critical step.
        </skipped>
      </testcase>
      <testcase classname="All Tests.SyncTimeZoneTest" name="01_VerifyTheStandardTimeOffsetIsInUseBeforeDaylightSavingsTimeStarts" time="0.0">
        <skipped message="Test Skipped">
          This test was skipped due to the failure of a previous critical step.
        </skipped>
      </testcase>
      <testcase classname="All Tests.SyncTimeZoneTest" name="02_VerifyTheDSTOffsetIsInUseAfterDaylightSavingsTimeStarts" time="0.0">
        <skipped message="Test Skipped">
          This test was skipped due to the failure of a previous critical step.
        </skipped>
      </testcase>
      <testcase classname="All Tests.SyncTimeZoneTest" name="03_VerifyTheStandardOffsetIsInUseAfterDaylightSavingsTimeEnds" time="0.0">
        <skipped message="Test Skipped">
          This test was skipped due to the failure of a previous critical step.
        </skipped>
      </testcase>
      <testcase classname="All Tests.TimeTest" name="01_VerifyThatGPSTimeIsUsedOverCellWhenBothAreAvailable" time="0.0">
        <skipped message="Test Skipped">
          This test was skipped due to the failure of a previous critical step.
        </skipped>
      </testcase>
      <testcase classname="All Tests.TimeTest" name="02_VerifyThatTheMTGRebootsIfGPSTimeIsOffByMoreThanTwoMinutes" time="0.0">
        <skipped message="Test Skipped">
          This test was skipped due to the failure of a previous critical step.
        </skipped>
      </testcase>
      <testcase classname="All Tests.TimeTest" name="03_VerifyThatCellTimeIsUsedWhenGPSTimeIsNotAvailable" time="0.0">
        <skipped message="Test Skipped">
          This test was skipped due to the failure of a previous critical step.
        </skipped>
      </testcase>
      <testcase classname="All Tests.TimeTest" name="04_VerifyThatTheMTGRebootsIfCellTimeIsOffByMoreThanTwoMinutes" time="0.0">
        <skipped message="Test Skipped">
          This test was skipped due to the failure of a previous critical step.
        </skipped>
      </testcase>
      <testcase classname="All Tests.TimeTest" name="05_VerifyThatNoTimeSourceIsUsedWhenBothGPSAndCellTimesAreNotAvailable" time="0.0">
        <skipped message="Test Skipped">
          This test was skipped due to the failure of a previous critical step.
        </skipped>
      </testcase>
      <testcase classname="All Tests.TppDecryptGsmPacketTest" name="01_VerifyThatTheMTGSuccessfullyDecryptsPacketsIfTheTimeWindowIsSynced" time="8.0"/>
      <testcase classname="All Tests.TppDecryptGsmPacketTest" name="02_VerifyThatTheMTGDoesNotDecryptPacketsIfTheTimeWindowIsAheadByOne" time="33.0"/>
      <testcase classname="All Tests.TppDecryptGsmPacketTest" name="03_VerifyThatTheMTGSuccessfullyDecryptsPacketsIfTheTimeWindowIsBehindByOne" time="6.0"/>
      <testcase classname="All Tests.TppDecryptGsmPacketTest" name="04_VerifyThatTheMTGDoesNotDecryptPacketsIfTheTimeWindowIsBehindByTwo" time="33.0"/>
      <testcase classname="All Tests.WDTTest" name="01_SendAGreenstarSetupTmFromHostWhenThe2630IsPowered" time="22.0"/>
      <testcase classname="All Tests.WDTTest" name="02_SendAGreenstarPrescriptionTmFromHostWhenThe2630IsPowered" time="23.0"/>
      <testcase classname="All Tests.WDTTest" name="03_SendAGreenstarSetupTmFromThe2630ToHost" time="37.0"/>
      <testcase classname="All Tests.WDTTest" name="04_SendAGreenstarSetupTmFromHostAfterThe2630IsPoweredDown" time="113.0"/>
    </testsuite>
  </testsuites>
